1527692994574	geckodriver	INFO	geckodriver 0.20.1
1527692994584	geckodriver	INFO	Listening on 127.0.0.1:4290
1527692997030	mozrunner::runner	INFO	Running command: "E:\\APP\\firefox\\firefox.exe" "-marionette" "-profile" "C:\\Users\\kong\\AppData\\Local\\Temp\\rust_mozprofile.1hREmtg3Kbv7"
1527692999593	Marionette	INFO	Listening on port 4298
1527693000144	Marionette	WARN	TLS certificate errors will be ignored for this session
[Child 8216, Chrome_ChildThread] WARNING: pipe error: 109: file z:/build/build/src/ipc/chromium/src/chrome/common/ip[cChild 11744, Chrome_ChildThread] WARNING: pipe e_rror: 109: file z:/build/build/src/ipc/chromium/src/chrome/common/ipc_channel_win.cc, line 346c
hannel_win.cc, line 346
[[Parent 3136, Gecko_IOThread] WARNING: pipe error: 109: file z:/build/build/src/ipc/chromium/src/chrome/common/ipc_channel_win.cc, line 346
[Child 3416, Chrome_ChildThread] WARNING: pipe error: 109: file z:/build/build/src/ipc/chromium/src/chrome/common/ipc_channel_win.cc, line 346
[Child 3416, Chrome_ChildThread] WARNING: pipe error: 109: file z:/build/build/src/ipc/chromium/src/chrome/common/ipc_channel_win.cc, line 346
*** UTM:SVC TimerManager:registerTimer called after profile-before-change notification. Ignoring timer registration for id: telemetry_modules_ping

###!!! [Child][MessageChannel::SendAndWait] Error: Channel error: cannot send/recv

1527693075930	geckodriver	INFO	geckodriver 0.20.1
1527693075940	geckodriver	INFO	Listening on 127.0.0.1:4337
1527693079000	mozrunner::runner	INFO	Running command: "E:\\APP\\firefox\\firefox.exe" "-marionette" "-profile" "C:\\Users\\kong\\AppData\\Local\\Temp\\rust_mozprofile.2hd8kAoSYspg"
1527693081429	Marionette	INFO	Listening on port 4345
1527693082111	Marionette	WARN	TLS certificate errors will be ignored for this session
[Parent 9664, Gecko_IOThread] WARNING: pipe error: 109: file z:/build/build/src/ipc/chromium/src/chrome/common/ipc_channel_win.cc, line 346
[Child 5516, Chrome_ChildThread] WARNING: pipe error: 109: file z:/build/build/src/ipc/chromium/src/chrome/common/ipc_channel_win.cc, line 346
[Child 5516, Chrome_ChildThre*** UTM:SVC TimerManager:registerTimer called after profile-before-change notification. Ignoring timer registration for id: telemetry_modules_ping

###!!! [Child][MessageChannel::SendAndWait] Error: Channel error: cannot send/recv

1527693188347	geckodriver	INFO	geckodriver 0.20.1
1527693188356	geckodriver	INFO	Listening on 127.0.0.1:4463
1527693191389	mozrunner::runner	INFO	Running command: "E:\\APP\\firefox\\firefox.exe" "-marionette" "-profile" "C:\\Users\\kong\\AppData\\Local\\Temp\\rust_mozprofile.6KNIs9h3YbKt"
1527693196118	Marionette	INFO	Listening on port 4471
1527693196605	Marionette	WARN	TLS certificate errors will be ignored for this session
JavaScript warning: https://static.geetest.com/static/js/geetest.6.0.9.js, line 1: unreachable code after return statement
JavaScript warning: https://static.geetest.com/static/js/geetest.6.0.9.js, line 1: unreachable code after return statement
JavaScript warning: https://static.geetest.com/static/js/geetest.6.0.9.js, line 1: unreachable code after return statement
JavaScript warning: https://static.geetest.com/static/js/geetest.6.0.9.js, line 1: unreachable code after return statement
JavaScript warning: https://static.geetest.com/static/js/geetest.6.0.9.js, line 1: unreachable code after return statement
JavaScript warning: https://static.geetest.com/static/js/geetest.6.0.9.js, line 1: unreachable code after return statement
JavaScript warning: https://static.geetest.com/static/js/geetest.6.0.9.js, line 1: unreachable code after return statement
JavaScript warning: https://static.geetest.com/static/js/geetest.6.0.9.js, line 1: unreachable code after return statement
JavaScript warning: https://static.geetest.com/static/js/geetest.6.0.9.js, line 1: unreachable code after return statement
JavaScript warning: https://static.geetest.com/static/js/geetest.6.0.9.js, line 1: unreachable code after return statement
JavaScript warning: https://static.geetest.com/static/js/geetest.6.0.9.js, line 1: unreachable code after return statement
JavaScript warning: https://static.geetest.com/static/js/geetest.6.0.9.js, line 1: unreachable code after return statement
JavaScript warning: https://static.geetest.com/static/js/geetest.6.0.9.js, line 1: unreachable code after return statement
JavaScript warning: https://static.geetest.com/static/js/geetest.6.0.9.js, line 1: unreachable code after return statement
JavaScript warning: https://static.geetest.com/static/js/geetest.6.0.9.js, line 1: unreachable code after return statement
JavaScript warning: https://static.geetest.com/static/js/geetest.6.0.9.js, line 1: unreachable code after return statement
JavaScript warning: https://static.geetest.com/static/js/geetest.6.0.9.js, line 1: unreachable code after return statement
JavaScript warning: https://static.geetest.com/static/js/geetest.6.0.9.js, line 1: unreachable code after return statement
JavaScript warning: https://static.geetest.com/static/js/geetest.6.0.9.js, line 1: unreachable code after return statement
JavaScript warning: https://static.geetest.com/static/js/geetest.6.0.9.js, line 1: unreachable code after return statement
JavaScript warning: https://static.geetest.com/static/js/geetest.6.0.9.js, line 1: unreachable code after return statement
JavaScript warning: https://static.geetest.com/static/js/geetest.6.0.9.js, line 1: unreachable code after return statement
JavaScript warning: https://static.geetest.com/static/js/geetest.6.0.9.js, line 1: unreachable code after return statement
JavaScript warning: https://static.geetest.com/static/js/geetest.6.0.9.js, line 1: unreachable code after return statement
JavaScript warning: https://static.geetest.com/static/js/geetest.6.0.9.js, line 1: unreachable code after return statement
JavaScript warning: https://static.geetest.com/static/js/geetest.6.0.9.js, line 1: unreachable code after return statement
JavaScript warning: https://static.geetest.com/static/js/geetest.6.0.9.js, line 1: unreachable code after return statement
JavaScript warning: https://static.geetest.com/static/js/geetest.6.0.9.js, line 1: unreachable code after return statement
JavaScript warning: https://static.geetest.com/static/js/geetest.6.0.9.js, line 1: unreachable code after return statement
JavaScript warning: https://static.geetest.com/static/js/geetest.6.0.9.js, line 1: unreachable code after return statement
JavaScript warning: https://static.geetest.com/static/js/geetest.6.0.9.js, line 1: unreachable code after return statement
JavaScript warning: https://static.geetest.com/static/js/geetest.6.0.9.js, line 1: unreachable code after return statement
JavaScript warning: https://static.geetest.com/static/js/geetest.6.0.9.js, line 1: unreachable code after return statement
JavaScript warning: https://static.geetest.com/static/js/geetest.6.0.9.js, line 1: unreachable code after return statement
JavaScript warning: https://static.geetest.com/static/js/geetest.6.0.9.js, line 1: unreachable code after return statement
JavaScript warning: https://static.geetest.com/static/js/geetest.6.0.9.js, line 1: unreachable code after return statement
JavaScript warning: https://static.geetest.com/static/js/geetest.6.0.9.js, line 1: unreachable code after return statement
JavaScript warning: https://static.geetest.com/static/js/geetest.6.0.9.js, line 1: unreachable code after return statement
JavaScript warning: https://static.geetest.com/static/js/geetest.6.0.9.js, line 1: unreachable code after return statement
JavaScript warning: https://static.geetest.com/static/js/geetest.6.0.9.js, line 1: unreachable code after return statement
JavaScript warning: https://static.geetest.com/static/js/geetest.6.0.9.js, line 1: unreachable code after return statement
JavaScript warning: https://static.geetest.com/static/js/geetest.6.0.9.js, line 1: unreachable code after return statement
JavaScript warning: https://static.geetest.com/static/js/geetest.6.0.9.js, line 1: unreachable code after return statement
JavaScript warning: https://static.geetest.com/static/js/geetest.6.0.9.js, line 1: unreachable code after return statement
JavaScript warning: https://static.geetest.com/static/js/geetest.6.0.9.js, line 1: unreachable code after return statement
JavaScript warning: https://static.geetest.com/static/js/geetest.6.0.9.js, line 1: unreachable code after return statement
JavaScript warning: https://static.geetest.com/static/js/geetest.6.0.9.js, line 1: unreachable code after return statement
JavaScript warning: https://static.geetest.com/static/js/geetest.6.0.9.js, line 1: unreachable code after return statement
JavaScript warning: https://static.geetest.com/static/js/geetest.6.0.9.js, line 1: unreachable code after return statement
JavaScript warning: https://static.geetest.com/static/js/geetest.6.0.9.js, line 1: unreachable code after return statement
JavaScript warning: https://static.geetest.com/static/js/geetest.6.0.9.js, line 1: unreachable code after return statement
JavaScript warning: https://static.geetest.com/static/js/geetest.6.0.9.js, line 1: unreachable code after return statement
JavaScript warning: https://static.geetest.com/static/js/geetest.6.0.9.js, line 1: unreachable code after return statement
JavaScript warning: https://static.geetest.com/static/js/geetest.6.0.9.js, line 1: unreachable code after return statement
JavaScript warning: https://static.geetest.com/static/js/geetest.6.0.9.js, line 1: unreachable code after return statement
JavaScript warning: https://static.geetest.com/static/js/geetest.6.0.9.js, line 1: unreachable code after return statement
JavaScript warning: https://static.geetest.com/static/js/geetest.6.0.9.js, line 1: unreachable code after return statement
JavaScript warning: https://static.geetest.com/static/js/geetest.6.0.9.js, line 1: unreachable code after return statement
JavaScript warning: https://static.geetest.com/static/js/geetest.6.0.9.js, line 1: unreachable code after return statement
JavaScript warning: https://static.geetest.com/static/js/geetest.6.0.9.js, line 1: unreachable code after return statement
JavaScript warning: https://static.geetest.com/static/js/geetest.6.0.9.js, line 1: unreachable code after return statement
JavaScript warning: https://static.geetest.com/static/js/geetest.6.0.9.js, line 1: unreachable code after return statement
JavaScript warning: https://static.geetest.com/static/js/geetest.6.0.9.js, line 1: unreachable code after return statement
JavaScript warning: https://static.geetest.com/static/js/geetest.6.0.9.js, line 1: unreachable code after return statement
JavaScript warning: https://static.geetest.com/static/js/geetest.6.0.9.js, line 1: unreachable code after return statement
JavaScript warning: https://static.geetest.com/static/js/geetest.6.0.9.js, line 1: unreachable code after return statement
JavaScript warning: https://static.geetest.com/static/js/geetest.6.0.9.js, line 1: unreachable code after return statement
JavaScript warning: https://static.geetest.com/static/js/geetest.6.0.9.js, line 1: unreachable code after return statement
JavaScript warning: https://static.geetest.com/static/js/geetest.6.0.9.js, line 1: unreachable code after return statement
JavaScript warning: https://static.geetest.com/static/js/geetest.6.0.9.js, line 1: unreachable code after return statement
JavaScript warning: https://static.geetest.com/static/js/geetest.6.0.9.js, line 1: unreachable code after return statement
JavaScript warning: https://static.geetest.com/static/js/geetest.6.0.9.js, line 1: unreachable code after return statement
JavaScript warning: https://static.geetest.com/static/js/geetest.6.0.9.js, line 1: unreachable code after return statement
JavaScript warning: https://static.geetest.com/static/js/geetest.6.0.9.js, line 1: unreachable code after return statement
JavaScript warning: https://static.geetest.com/static/js/geetest.6.0.9.js, line 1: unreachable code after return statement
JavaScript warning: https://static.geetest.com/static/js/geetest.6.0.9.js, line 1: unreachable code after return statement
JavaScript warning: https://static.geetest.com/static/js/geetest.6.0.9.js, line 1: unreachable code after return statement
JavaScript warning: https://static.geetest.com/static/js/geetest.6.0.9.js, line 1: unreachable code after return statement
JavaScript warning: https://static.geetest.com/static/js/geetest.6.0.9.js, line 1: unreachable code after return statement
JavaScript warning: https://static.geetest.com/static/js/geetest.6.0.9.js, line 1: unreachable code after return statement
JavaScript warning: https://static.geetest.com/static/js/geetest.6.0.9.js, line 1: unreachable code after return statement
JavaScript warning: https://static.geetest.com/static/js/geetest.6.0.9.js, line 1: unreachable code after return statement
JavaScript warning: https://static.geetest.com/static/js/geetest.6.0.9.js, line 1: unreachable code after return statement
JavaScript warning: https://static.geetest.com/static/js/geetest.6.0.9.js, line 1: unreachable code after return statement
JavaScript warning: https://static.geetest.com/static/js/geetest.6.0.9.js, line 1: unreachable code after return statement
JavaScript warning: https://static.geetest.com/static/js/geetest.6.0.9.js, line 1: unreachable code after return statement
JavaScript warning: https://static.geetest.com/static/js/geetest.6.0.9.js, line 1: unreachable code after return statement
JavaScript warning: https://static.geetest.com/static/js/geetest.6.0.9.js, line 1: unreachable code after return statement
JavaScript warning: https://static.geetest.com/static/js/geetest.6.0.9.js, line 1: unreachable code after return statement
JavaScript warning: https://static.geetest.com/static/js/geetest.6.0.9.js, line 1: unreachable code after return statement
JavaScript warning: https://static.geetest.com/static/js/geetest.6.0.9.js, line 1: unreachable code after return statement
JavaScript warning: https://static.geetest.com/static/js/geetest.6.0.9.js, line 1: unreachable code after return statement
JavaScript warning: https://static.geetest.com/static/js/geetest.6.0.9.js, line 1: unreachable code after return statement
JavaScript warning: https://static.geetest.com/static/js/geetest.6.0.9.js, line 1: unreachable code after return statement
JavaScript warning: https://static.geetest.com/static/js/geetest.6.0.9.js, line 1: unreachable code after return statement
JavaScript warning: https://static.geetest.com/static/js/geetest.6.0.9.js, line 1: unreachable code after return statement
JavaScript warning: https://static.geetest.com/static/js/geetest.6.0.9.js, line 1: unreachable code after return statement
JavaScript warning: https://static.geetest.com/static/js/geetest.6.0.9.js, line 1: unreachable code after return statement
JavaScript warning: https://static.geetest.com/static/js/geetest.6.0.9.js, line 1: unreachable code after return statement
JavaScript warning: https://static.geetest.com/static/js/geetest.6.0.9.js, line 1: unreachable code after return statement
JavaScript warning: https://static.geetest.com/static/js/geetest.6.0.9.js, line 1: unreachable code after return statement
JavaScript warning: https://static.geetest.com/static/js/geetest.6.0.9.js, line 1: unreachable code after return statement
JavaScript warning: https://static.geetest.com/static/js/geetest.6.0.9.js, line 1: unreachable code after return statement
JavaScript warning: https://static.geetest.com/static/js/geetest.6.0.9.js, line 1: unreachable code after return statement
JavaScript warning: https://static.geetest.com/static/js/geetest.6.0.9.js, line 1: unreachable code after return statement
JavaScript warning: https://static.geetest.com/static/js/geetest.6.0.9.js, line 1: unreachable code after return statement
JavaScript warning: https://static.geetest.com/static/js/geetest.6.0.9.js, line 1: unreachable code after return statement
JavaScript warning: https://static.geetest.com/static/js/geetest.6.0.9.js, line 1: unreachable code after return statement
JavaScript warning: https://static.geetest.com/static/js/geetest.6.0.9.js, line 1: unreachable code after return statement
JavaScript warning: https://static.geetest.com/static/js/geetest.6.0.9.js, line 1: unreachable code after return statement
JavaScript warning: https://static.geetest.com/static/js/geetest.6.0.9.js, line 1: unreachable code after return statement
JavaScript warning: https://static.geetest.com/static/js/geetest.6.0.9.js, line 1: unreachable code after return statement
JavaScript warning: https://static.geetest.com/static/js/geetest.6.0.9.js, line 1: unreachable code after return statement
JavaScript warning: https://static.geetest.com/static/js/geetest.6.0.9.js, line 1: unreachable code after return statement
JavaScript warning: https://static.geetest.com/static/js/geetest.6.0.9.js, line 1: unreachable code after return statement
JavaScript warning: https://static.geetest.com/static/js/geetest.6.0.9.js, line 1: unreachable code after return statement
JavaScript warning: https://static.geetest.com/static/js/geetest.6.0.9.js, line 1: unreachable code after return statement
JavaScript warning: https://static.geetest.com/static/js/geetest.6.0.9.js, line 1: unreachable code after return statement
JavaScript warning: https://static.geetest.com/static/js/geetest.6.0.9.js, line 1: unreachable code after return statement
JavaScript warning: https://static.geetest.com/static/js/geetest.6.0.9.js, line 1: unreachable code after return statement
JavaScript warning: https://static.geetest.com/static/js/geetest.6.0.9.js, line 1: unreachable code after return statement
JavaScript warning: https://static.geetest.com/static/js/geetest.6.0.9.js, line 1: unreachable code after return statement
JavaScript warning: https://static.geetest.com/static/js/geetest.6.0.9.js, line 1: unreachable code after return statement
JavaScript warning: https://static.geetest.com/static/js/geetest.6.0.9.js, line 1: unreachable code after return statement
JavaScript warning: https://static.geetest.com/static/js/geetest.6.0.9.js, line 1: unreachable code after return statement
JavaScript warning: https://static.geetest.com/static/js/geetest.6.0.9.js, line 1: unreachable code after return statement
JavaScript warning: https://static.geetest.com/static/js/geetest.6.0.9.js, line 1: unreachable code after return statement
JavaScript warning: https://static.geetest.com/static/js/geetest.6.0.9.js, line 1: unreachable code after return statement
JavaScript warning: https://static.geetest.com/static/js/geetest.6.0.9.js, line 1: unreachable code after return statement
JavaScript warning: https://static.geetest.com/static/js/geetest.6.0.9.js, line 1: unreachable code after return statement
JavaScript warning: https://static.geetest.com/static/js/geetest.6.0.9.js, line 1: unreachable code after return statement
JavaScript warning: https://static.geetest.com/static/js/geetest.6.0.9.js, line 1: unreachable code after return statement
JavaScript warning: https://static.geetest.com/static/js/geetest.6.0.9.js, line 1: unreachable code after return statement
JavaScript warning: https://static.geetest.com/static/js/geetest.6.0.9.js, line 1: unreachable code after return statement
JavaScript warning: https://static.geetest.com/static/js/geetest.6.0.9.js, line 1: unreachable code after return statement
JavaScript warning: https://static.geetest.com/static/js/geetest.6.0.9.js, line 1: unreachable code after return statement
JavaScript warning: https://static.geetest.com/static/js/geetest.6.0.9.js, line 1: unreachable code after return statement
JavaScript warning: https://static.geetest.com/static/js/geetest.6.0.9.js, line 1: unreachable code after return statement
JavaScript warning: https://static.geetest.com/static/js/geetest.6.0.9.js, line 1: unreachable code after return statement
JavaScript warning: https://static.geetest.com/static/js/geetest.6.0.9.js, line 1: unreachable code after return statement
JavaScript warning: https://static.geetest.com/static/js/geetest.6.0.9.js, line 1: unreachable code after return statement
JavaScript warning: https://static.geetest.com/static/js/geetest.6.0.9.js, line 1: unreachable code after return statement
JavaScript warning: https://static.geetest.com/static/js/geetest.6.0.9.js, line 1: unreachable code after return statement
JavaScript warning: https://static.geetest.com/static/js/geetest.6.0.9.js, line 1: unreachable code after return statement
JavaScript warning: https://static.geetest.com/static/js/geetest.6.0.9.js, line 1: unreachable code after return statement
JavaScript warning: https://static.geetest.com/static/js/geetest.6.0.9.js, line 1: unreachable code after return statement
JavaScript warning: https://static.geetest.com/static/js/geetest.6.0.9.js, line 1: unreachable code after return statement
JavaScript warning: https://static.geetest.com/static/js/geetest.6.0.9.js, line 1: unreachable code after return statement
JavaScript warning: https://static.geetest.com/static/js/geetest.6.0.9.js, line 1: unreachable code after return statement
JavaScript warning: https://static.geetest.com/static/js/geetest.6.0.9.js, line 1: unreachable code after return statement
JavaScript warning: https://static.geetest.com/static/js/geetest.6.0.9.js, line 1: unreachable code after return statement
JavaScript warning: https://static.geetest.com/static/js/geetest.6.0.9.js, line 1: unreachable code after return statement
JavaScript warning: https://static.geetest.com/static/js/geetest.6.0.9.js, line 1: unreachable code after return statement
JavaScript warning: https://static.geetest.com/static/js/geetest.6.0.9.js, line 1: unreachable code after return statement
JavaScript warning: https://static.geetest.com/static/js/geetest.6.0.9.js, line 1: unreachable code after return statement
JavaScript warning: https://static.geetest.com/static/js/geetest.6.0.9.js, line 1: unreachable code after return statement
JavaScript warning: https://static.geetest.com/static/js/geetest.6.0.9.js, line 1: unreachable code after return statement
JavaScript warning: https://static.geetest.com/static/js/geetest.6.0.9.js, line 1: unreachable code after return statement
JavaScript warning: https://static.geetest.com/static/js/geetest.6.0.9.js, line 1: unreachable code after return statement
JavaScript warning: https://static.geetest.com/static/js/geetest.6.0.9.js, line 1: unreachable code after return statement
JavaScript warning: https://static.geetest.com/static/js/geetest.6.0.9.js, line 1: unreachable code after return statement
JavaScript warning: https://static.geetest.com/static/js/geetest.6.0.9.js, line 1: unreachable code after return statement
JavaScript warning: https://static.geetest.com/static/js/geetest.6.0.9.js, line 1: unreachable code after return statement
JavaScript warning: https://static.geetest.com/static/js/geetest.6.0.9.js, line 1: unreachable code after return statement
JavaScript warning: https://static.geetest.com/static/js/geetest.6.0.9.js, line 1: unreachable code after return statement
JavaScript warning: https://static.geetest.com/static/js/geetest.6.0.9.js, line 1: unreachable code after return statement
JavaScript warning: https://static.geetest.com/static/js/geetest.6.0.9.js, line 1: unreachable code after return statement
JavaScript warning: https://static.geetest.com/static/js/geetest.6.0.9.js, line 1: unreachable code after return statement
JavaScript warning: https://static.geetest.com/static/js/geetest.6.0.9.js, line 1: unreachable code after return statement
JavaScript warning: https://static.geetest.com/static/js/geetest.6.0.9.js, line 1: unreachable code after return statement
JavaScript warning: https://static.geetest.com/static/js/geetest.6.0.9.js, line 1: unreachable code after return statement
JavaScript warning: https://static.geetest.com/static/js/geetest.6.0.9.js, line 1: unreachable code after return statement
JavaScript warning: https://static.geetest.com/static/js/geetest.6.0.9.js, line 1: unreachable code after return statement
JavaScript warning: https://static.geetest.com/static/js/geetest.6.0.9.js, line 1: unreachable code after return statement
JavaScript warning: https://static.geetest.com/static/js/geetest.6.0.9.js, line 1: unreachable code after return statement
JavaScript warning: https://static.geetest.com/static/js/geetest.6.0.9.js, line 1: unreachable code after return statement
JavaScript warning: https://static.geetest.com/static/js/geetest.6.0.9.js, line 1: unreachable code after return statement
JavaScript warning: https://static.geetest.com/static/js/geetest.6.0.9.js, line 1: unreachable code after return statement
JavaScript warning: https://static.geetest.com/static/js/geetest.6.0.9.js, line 1: unreachable code after return statement
JavaScript warning: https://static.geetest.com/static/js/geetest.6.0.9.js, line 1: unreachable code after return statement
JavaScript warning: https://static.geetest.com/static/js/geetest.6.0.9.js, line 1: unreachable code after return statement
JavaScript warning: https://static.geetest.com/static/js/geetest.6.0.9.js, line 1: unreachable code after return statement
JavaScript warning: https://static.geetest.com/static/js/geetest.6.0.9.js, line 1: unreachable code after return statement
JavaScript warning: https://static.geetest.com/static/js/geetest.6.0.9.js, line 1: unreachable code after return statement
JavaScript warning: https://static.geetest.com/static/js/geetest.6.0.9.js, line 1: unreachable code after return statement
JavaScript warning: https://static.geetest.com/static/js/geetest.6.0.9.js, line 1: unreachable code after return statement
JavaScript warning: https://static.geetest.com/static/js/geetest.6.0.9.js, line 1: unreachable code after return statement
JavaScript warning: https://static.geetest.com/static/js/geetest.6.0.9.js, line 1: unreachable code after return statement
JavaScript warning: https://static.geetest.com/static/js/geetest.6.0.9.js, line 1: unreachable code after return statement
JavaScript warning: https://static.geetest.com/static/js/geetest.6.0.9.js, line 1: unreachable code after return statement
JavaScript warning: https://static.geetest.com/static/js/geetest.6.0.9.js, line 1: unreachable code after return statement
JavaScript warning: https://static.geetest.com/static/js/geetest.6.0.9.js, line 1: unreachable code after return statement
JavaScript warning: https://static.geetest.com/static/js/geetest.6.0.9.js, line 1: unreachable code after return statement
JavaScript warning: https://static.geetest.com/static/js/geetest.6.0.9.js, line 1: unreachable code after return statement
JavaScript warning: https://static.geetest.com/static/js/geetest.6.0.9.js, line 1: unreachable code after return statement
JavaScript warning: https://static.geetest.com/static/js/geetest.6.0.9.js, line 1: unreachable code after return statement
JavaScript warning: https://static.geetest.com/static/js/geetest.6.0.9.js, line 1: unreachable code after return statement
JavaScript warning: https://static.geetest.com/static/js/geetest.6.0.9.js, line 1: unreachable code after return statement
JavaScript warning: https://static.geetest.com/static/js/geetest.6.0.9.js, line 1: unreachable code after return statement
JavaScript warning: https://static.geetest.com/static/js/geetest.6.0.9.js, line 1: unreachable code after return statement
JavaScript warning: https://static.geetest.com/static/js/geetest.6.0.9.js, line 1: unreachable code after return statement
JavaScript warning: https://static.geetest.com/static/js/geetest.6.0.9.js, line 1: unreachable code after return statement
JavaScript warning: https://static.geetest.com/static/js/geetest.6.0.9.js, line 1: unreachable code after return statement
JavaScript warning: https://static.geetest.com/static/js/geetest.6.0.9.js, line 1: unreachable code after return statement
JavaScript warning: https://static.geetest.com/static/js/geetest.6.0.9.js, line 1: unreachable code after return statement
JavaScript warning: https://static.geetest.com/static/js/geetest.6.0.9.js, line 1: unreachable code after return statement
JavaScript warning: https://static.geetest.com/static/js/geetest.6.0.9.js, line 1: unreachable code after return statement
JavaScript warning: https://static.geetest.com/static/js/geetest.6.0.9.js, line 1: unreachable code after return statement
JavaScript warning: https://static.geetest.com/static/js/geetest.6.0.9.js, line 1: unreachable code after return statement
JavaScript warning: https://static.geetest.com/static/js/geetest.6.0.9.js, line 1: unreachable code after return statement
JavaScript warning: https://static.geetest.com/static/js/geetest.6.0.9.js, line 1: unreachable code after return statement
JavaScript warning: https://static.geetest.com/static/js/geetest.6.0.9.js, line 1: unreachable code after return statement
JavaScript warning: https://static.geetest.com/static/js/geetest.6.0.9.js, line 1: unreachable code after return statement
JavaScript warning: https://static.geetest.com/static/js/geetest.6.0.9.js, line 1: unreachable code after return statement
JavaScript warning: https://static.geetest.com/static/js/geetest.6.0.9.js, line 1: unreachable code after return statement
JavaScript warning: https://static.geetest.com/static/js/geetest.6.0.9.js, line 1: unreachable code after return statement
JavaScript warning: https://static.geetest.com/static/js/geetest.6.0.9.js, line 1: unreachable code after return statement
JavaScript warning: https://static.geetest.com/static/js/geetest.6.0.9.js, line 1: unreachable code after return statement
JavaScript warning: https://static.geetest.com/static/js/geetest.6.0.9.js, line 1: unreachable code after return statement
JavaScript warning: https://static.geetest.com/static/js/geetest.6.0.9.js, line 1: unreachable code after return statement
JavaScript warning: https://static.geetest.com/static/js/geetest.6.0.9.js, line 1: unreachable code after return statement
JavaScript warning: https://static.geetest.com/static/js/geetest.6.0.9.js, line 1: unreachable code after return statement
JavaScript warning: https://static.geetest.com/static/js/geetest.6.0.9.js, line 1: unreachable code after return statement
JavaScript warning: https://static.geetest.com/static/js/geetest.6.0.9.js, line 1: unreachable code after return statement
JavaScript warning: https://static.geetest.com/static/js/geetest.6.0.9.js, line 1: unreachable code after return statement
JavaScript warning: https://static.geetest.com/static/js/geetest.6.0.9.js, line 1: unreachable code after return statement
JavaScript warning: https://static.geetest.com/static/js/geetest.6.0.9.js, line 1: unreachable code after return statement
JavaScript warning: https://static.geetest.com/static/js/geetest.6.0.9.js, line 1: unreachable code after return statement
JavaScript warning: https://static.geetest.com/static/js/geetest.6.0.9.js, line 1: unreachable code after return statement
JavaScript warning: https://static.geetest.com/static/js/geetest.6.0.9.js, line 1: unreachable code after return statement
JavaScript warning: https://static.geetest.com/static/js/geetest.6.0.9.js, line 1: unreachable code after return statement
JavaScript warning: https://static.geetest.com/static/js/geetest.6.0.9.js, line 1: unreachable code after return statement
JavaScript warning: https://static.geetest.com/static/js/geetest.6.0.9.js, line 1: unreachable code after return statement
JavaScript warning: https://static.geetest.com/static/js/geetest.6.0.9.js, line 1: unreachable code after return statement
JavaScript warning: https://static.geetest.com/static/js/geetest.6.0.9.js, line 1: unreachable code after return statement
JavaScript warning: https://static.geetest.com/static/js/geetest.6.0.9.js, line 1: unreachable code after return statement
JavaScript warning: https://static.geetest.com/static/js/geetest.6.0.9.js, line 1: unreachable code after return statement
JavaScript warning: https://static.geetest.com/static/js/geetest.6.0.9.js, line 1: unreachable code after return statement
JavaScript warning: https://static.geetest.com/static/js/geetest.6.0.9.js, line 1: unreachable code after return statement
JavaScript warning: https://static.geetest.com/static/js/geetest.6.0.9.js, line 1: unreachable code after return statement
JavaScript warning: https://static.geetest.com/static/js/geetest.6.0.9.js, line 1: unreachable code after return statement
JavaScript warning: https://static.geetest.com/static/js/geetest.6.0.9.js, line 1: unreachable code after return statement
JavaScript warning: https://static.geetest.com/static/js/geetest.6.0.9.js, line 1: unreachable code after return statement
JavaScript warning: https://static.geetest.com/static/js/geetest.6.0.9.js, line 1: unreachable code after return statement
JavaScript warning: https://static.geetest.com/static/js/geetest.6.0.9.js, line 1: unreachable code after return statement
JavaScript warning: https://static.geetest.com/static/js/geetest.6.0.9.js, line 1: unreachable code after return statement
JavaScript warning: https://static.geetest.com/static/js/geetest.6.0.9.js, line 1: unreachable code after return statement
JavaScript warning: https://static.geetest.com/static/js/geetest.6.0.9.js, line 1: unreachable code after return statement
JavaScript warning: https://static.geetest.com/static/js/geetest.6.0.9.js, line 1: unreachable code after return statement
JavaScript warning: https://static.geetest.com/static/js/geetest.6.0.9.js, line 1: unreachable code after return statement
JavaScript warning: https://static.geetest.com/static/js/geetest.6.0.9.js, line 1: unreachable code after return statement
JavaScript warning: https://static.geetest.com/static/js/geetest.6.0.9.js, line 1: unreachable code after return statement
JavaScript warning: https://static.geetest.com/static/js/geetest.6.0.9.js, line 1: unreachable code after return statement
JavaScript warning: https://static.geetest.com/static/js/geetest.6.0.9.js, line 1: unreachable code after return statement
JavaScript warning: https://static.geetest.com/static/js/geetest.6.0.9.js, line 1: unreachable code after return statement
JavaScript warning: https://static.geetest.com/static/js/geetest.6.0.9.js, line 1: unreachable code after return statement
JavaScript warning: https://static.geetest.com/static/js/geetest.6.0.9.js, line 1: unreachable code after return statement
JavaScript warning: https://static.geetest.com/static/js/geetest.6.0.9.js, line 1: unreachable code after return statement
JavaScript warning: https://static.geetest.com/static/js/geetest.6.0.9.js, line 1: unreachable code after return statement
JavaScript warning: https://static.geetest.com/static/js/geetest.6.0.9.js, line 1: unreachable code after return statement
JavaScript warning: https://static.geetest.com/static/js/geetest.6.0.9.js, line 1: unreachable code after return statement
JavaScript warning: https://static.geetest.com/static/js/geetest.6.0.9.js, line 1: unreachable code after return statement
JavaScript warning: https://static.geetest.com/static/js/geetest.6.0.9.js, line 1: unreachable code after return statement
JavaScript warning: https://static.geetest.com/static/js/geetest.6.0.9.js, line 1: unreachable code after return statement
JavaScript warning: https://static.geetest.com/static/js/geetest.6.0.9.js, line 1: unreachable code after return statement
JavaScript warning: https://static.geetest.com/static/js/geetest.6.0.9.js, line 1: unreachable code after return statement
JavaScript warning: https://static.geetest.com/static/js/geetest.6.0.9.js, line 1: unreachable code after return statement
JavaScript warning: https://static.geetest.com/static/js/geetest.6.0.9.js, line 1: unreachable code after return statement
JavaScript warning: https://static.geetest.com/static/js/geetest.6.0.9.js, line 1: unreachable code after return statement
JavaScript warning: https://static.geetest.com/static/js/geetest.6.0.9.js, line 1: unreachable code after return statement
JavaScript warning: https://static.geetest.com/static/js/geetest.6.0.9.js, line 1: unreachable code after return statement
JavaScript warning: https://static.geetest.com/static/js/geetest.6.0.9.js, line 1: unreachable code after return statement
JavaScript warning: https://static.geetest.com/static/js/geetest.6.0.9.js, line 1: unreachable code after return statement
JavaScript warning: https://static.geetest.com/static/js/geetest.6.0.9.js, line 1: unreachable code after return statement
JavaScript warning: https://static.geetest.com/static/js/geetest.6.0.9.js, line 1: unreachable code after return statement
JavaScript warning: https://static.geetest.com/static/js/geetest.6.0.9.js, line 1: unreachable code after return statement
JavaScript warning: https://static.geetest.com/static/js/geetest.6.0.9.js, line 1: unreachable code after return statement
JavaScript warning: https://static.geetest.com/static/js/geetest.6.0.9.js, line 1: unreachable code after return statement
JavaScript warning: https://static.geetest.com/static/js/geetest.6.0.9.js, line 1: unreachable code after return statement
JavaScript warning: https://static.geetest.com/static/js/geetest.6.0.9.js, line 1: unreachable code after return statement
JavaScript warning: https://static.geetest.com/static/js/geetest.6.0.9.js, line 1: unreachable code after return statement
JavaScript warning: https://static.geetest.com/static/js/geetest.6.0.9.js, line 1: unreachable code after return statement
JavaScript warning: https://static.geetest.com/static/js/geetest.6.0.9.js, line 1: unreachable code after return statement
JavaScript warning: https://static.geetest.com/static/js/geetest.6.0.9.js, line 1: unreachable code after return statement
[Child 13732, Chrome_ChildThread] WARNING: pipe error: 109: file z:/build/build/src/ipc/chromium/src/chrome/common/ipc_channel_win.cc, line 346
[Child 12528, Chrome_ChildThread] WARNING: pipe error: 109: file z:/build/build/src/ipc/chromium/src/chrome/common/ipc_channel_win.cc, line 346
[Child 1708, Chrome_ChildThread] WARNING: pipe error: 109: file z:/build/build/src/ipc/chromium/src/chrome/common/ipc_channel_win.cc, line 346
[Child 1708, Chrome*** UTM:SVC TimerManager:registerTimer called after profile-before-change notification. Ignoring timer registration for id: telemetry_modules_ping

###!!! [Child][MessageChannel::SendAndWait] Error: Channel error: cannot send/recv

1527693314565	geckodriver	INFO	geckodriver 0.20.1
1527693314574	geckodriver	INFO	Listening on 127.0.0.1:4552
1527693317631	mozrunner::runner	INFO	Running command: "E:\\APP\\firefox\\firefox.exe" "-marionette" "-profile" "C:\\Users\\kong\\AppData\\Local\\Temp\\rust_mozprofile.C2Is586l4oJT"
1527693320440	Marionette	INFO	Listening on port 4560
1527693320748	Marionette	WARN	TLS certificate errors will be ignored for this session
[Parent 12352, Gecko_IOThread] WARNING: pipe error: 109: file z:/build/build/src/ipc/chromium/src/chrome/common/ipc_channel_win.cc, line 346
[Parent 12352, Gecko_IOThread] WARNING: pipe error: 109: file z:/build/build/src/ipc/chromium/src/chrome/common/ipc_channel_win.cc, line 346
*** UTM:SVC TimerManager:registerTimer called after profile-before-change notification. Ignoring timer registration for id: telemetry_modules_ping

###!!! [Child][MessageChannel::SendAndWait] Error: Channel error: cannot send/recv

1527693343021	geckodriver	INFO	geckodriver 0.20.1
1527693343031	geckodriver	INFO	Listening on 127.0.0.1:4688
1527693346049	mozrunner::runner	INFO	Running command: "E:\\APP\\firefox\\firefox.exe" "-marionette" "-profile" "C:\\Users\\kong\\AppData\\Local\\Temp\\rust_mozprofile.cr4vkNTQTdxd"
1527693348565	Marionette	INFO	Listening on port 4696
1527693349162	Marionette	WARN	TLS certificate errors will be ignored for this session
[Child 13776, Chrome_ChildThread] WARNING: pipe error: 109: file z:/build/build/src/ipc/chromium/src/chrome/common/ipc_channel_win.cc, line 346
[Child 13776, Chrome_ChildThread] WARNING: pipe error:
###!!! [Child][MessageChannel::SendAndWait] Error: Channel error: cannot send/recv

1527693617983	geckodriver	INFO	geckodriver 0.20.1
1527693617994	geckodriver	INFO	Listening on 127.0.0.1:4855
1527693621033	mozrunner::runner	INFO	Running command: "E:\\APP\\firefox\\firefox.exe" "-marionette" "-profile" "C:\\Users\\kong\\AppData\\Local\\Temp\\rust_mozprofile.TuEb5i9Ykxs4"
1527693622981	Marionette	INFO	Listening on port 4863
1527693623044	Marionette	WARN	TLS certificate errors will be ignored for this session
[Child 6700, Chrome_ChildThread] WARNING: pipe error: 109: file z:/build/build/src/ipc/chromium/src/chrome/common/ipc_channel_win.cc, line 346
[Child 9172, Chrome_ChildThread] WARNING: pipe error: 109: file z:/build/build/src/ipc/chromium/src/chrome/common/ipc_channel_win.cc, line 346
[Child 9172, Chrome_ChildThread] WARNING: pipe e[Child 1416, Chrome_ChildThread] WARNING: pipe error: 109: file z:/build/build/src/ipc/chromiumHandler function NetworkEventActorProxy.addSecurityInfo threw an exception: [Exception... "Component returned failure code: 0xc1f30001 (NS_ERROR_NOT_INITIALIZED) [nsIMessageSender.sendAsyncMessage]"  nsresult: "0xc1f30001 (NS_ERROR_NOT_INITIALIZED)"  location: "JS frame :: resource://devtools/shared/base-loader.js -> resource://devtools/shared/webconsole/network-monitor.js :: NetworkEventActorProxy.methodFactory/< :: line 1875"  data: no]
Stack: NetworkEventActorProxy.methodFactory/<@resource://devtools/shared/base-loader.js -> resource://devtools/shared/webconsole/network-monitor.js:1875:5
exports.makeInfallible/<@resource://devtools/shared/base-loader.js -> resource://devtools/shared/ThreadSafeDevToolsUtils.js:109:14
NetworkResponseListener.prototype._getSecurityInfo<@resource://devtools/shared/base-loader.js -> resource://devtools/shared/webconsole/network-monitor.js:521:5
exports.makeInfallible/<@resource://devtools/shared/base-loader.js -> resource://devtools/shared/ThreadSafeDevToolsUtils.js:109:14
onStartRequest@resource://devtools/shared/base-loader.js -> resource://devtools/shared/webconsole/network-monitor.js:441:5
Line: 1875, column: 0
console.error: "Handler function NetworkEventActorProxy.addSecurityInfo threw an exception: [Exception... \"Component returned failure code: 0xc1f30001 (NS_ERROR_NOT_INITIALIZED) [nsIMessageSender.sendAsyncMessage]\"  nsresult: \"0xc1f30001 (NS_ERROR_NOT_INITIALIZED)\"  location: \"JS frame :: resource://devtools/shared/base-loader.js -> resource://devtools/shared/webconsole/network-monitor.js :: NetworkEventActorProxy.methodFactory/< :: line 1875\"  data: no]\nStack: NetworkEventActorProxy.methodFactory/<@resource://devtools/shared/base-loader.js -> resource://devtools/shared/webconsole/network-monitor.js:1875:5\nexports.makeInfallible/<@resource://devtools/shared/base-loader.js -> resource://devtools/shared/ThreadSafeDevToolsUtils.js:109:14\nNetworkResponseListener.prototype._getSecurityInfo<@resource://devtools/shared/base-loader.js -> resource://devtools/shared/webconsole/network-monitor.js:521:5\nexports.makeInfallible/<@resource://devtools/shared/base-loader.js -> resource://devtools/shared/ThreadSafeDevToolsUtils.js:109:14\nonStartRequest@resource://devtools/shared/base-loader.js -> resource://devtools/shared/webconsole/network-monitor.js:441:5\nLine: 1875, column: 0"
Handler function NetworkEventActorProxy.addResponseContent threw an exception: [Exception... "Component returned failure code: 0xc1f30001 (NS_ERROR_NOT_INITIALIZED) [nsIMessageSender.sendAsyncMessage]"  nsresult: "0xc1f30001 (NS_ERROR_NOT_INITIALIZED)"  location: "JS frame :: resource://devtools/shared/base-loader.js -> resource://devtools/shared/webconsole/network-monitor.js :: NetworkEventActorProxy.methodFactory/< :: line 1875"  data: no]
Stack: NetworkEventActorProxy.methodFactory/<@resource://devtools/shared/base-loader.js -> resource://devtools/shared/webconsole/network-monitor.js:1875:5
exports.makeInfallible/<@resource://devtools/shared/base-loader.js -> resource://devtools/shared/ThreadSafeDevToolsUtils.js:109:14
_onComplete@resource://devtools/shared/base-loader.js -> resource://devtools/shared/webconsole/network-monitor.js:651:5
onStreamClose@resource://devtools/shared/base-loader.js -> resource://devtools/shared/webconsole/network-monitor.js:608:7
onInputStreamReady@resource://devtools/shared/base-loader.js -> resource://devtools/shared/webconsole/network-monitor.js:702:7
Line: 1875, column: 0
console.error: "Handler function NetworkEventActorProxy.addResponseContent threw an exception: [Exception... \"Component returned failure code: 0xc1f30001 (NS_ERROR_NOT_INITIALIZED) [nsIMessageSender.sendAsyncMessage]\"  nsresult: \"0xc1f30001 (NS_ERROR_NOT_INITIALIZED)\"  location: \"JS frame :: resource://devtools/shared/base-loader.js -> resource://devtools/shared/webconsole/network-monitor.js :: NetworkEventActorProxy.methodFactory/< :: line 1875\"  data: no]\nStack: NetworkEventActorProxy.methodFactory/<@resource://devtools/shared/base-loader.js -> resource://devtools/shared/webconsole/network-monitor.js:1875:5\nexports.makeInfallible/<@resource://devtools/shared/base-loader.js -> resource://devtools/shared/ThreadSafeDevToolsUtils.js:109:14\n_onComplete@resource://devtools/shared/base-loader.js -> resource://devtools/shared/webconsole/network-monitor.js:651:5\nonStreamClose@resource://devtools/shared/base-loader.js -> resource://devtools/shared/webconsole/network-monitor.js:608:7\nonInputStreamReady@resource://devtools/shared/base-loader.js -> resource://devtools/shared/webconsole/network-monitor.js:702:7\nLine: 1875, column: 0"
[Parent 11936, Gecko_IOThread] WARNING: pipe error: 109: file z:/build/build/src/ipc/chromium/src/chrome/common/ipc_channel_win.cc, line 346
[Child 15540, Chrome_ChildThread] WARNING: pipe error: 109: file z:/build/build/src/ipc/chromium/src/chrome/common/ipc_channel_win.cc, line 346
[Child 15724, Chrome_ChildThread] WARNING: pipe error: 109: file z:/build/build/src/ipc/chromium/src/chrome/common/ipc_channel_win.cc, line 346
[Parent 11936, Gecko_IOThread] WARNING: pipe error: 109: file z:/build/build/src/ipc/chromium/src/chrome/common/ipc_channel_win.cc, line 346
[Child 15444, Chrome_ChildThread] WARNING: pipe error: 109: file z:/build/build/src/ipc/chromium/src/chrome/common/ipc_channel_win.cc, line 346
[Child 15444, Chrome_ChildThread] WARNING: pipe error: 109: file z:/build/build/src/ip[GPU 1968, Chrome_ChildThread] WARNING: pipe error: 109: file z:/build/build/src/ipc/chromium/src/chrome/common/ipc_channel_win.cc, line 346

###!!! [Child][MessageChannel::SendAndWait] Error: Channel error: cannot send/recv

1527693816000	geckodriver	INFO	geckodriver 0.20.1
1527693816010	geckodriver	INFO	Listening on 127.0.0.1:5158
1527693819028	mozrunner::runner	INFO	Running command: "E:\\APP\\firefox\\firefox.exe" "-marionette" "-profile" "C:\\Users\\kong\\AppData\\Local\\Temp\\rust_mozprofile.MuCjmL3JIWAf"
IPDL protocol error: Handler returned error code!

###!!! [Parent][DispatchAsyncMessage] Error: PLayerTransaction::Msg_ReleaseLayer Processing error: message was deserialized, but the handler returned false (indicating failure)

IPDL protocol error: Handler returned error code!

###!!! [Parent][DispatchAsyncMessage] Error: PLayerTransaction::Msg_ReleaseLayer Processing error: message was deserialized, but the handler returned false (indicating failure)

1527693822120	Marionette	INFO	Listening on port 5166
1527693822187	Marionette	WARN	TLS certificate errors will be ignored for this session
[Parent 13732, Gecko_IOThread] WARNING: pipe error: 109: file z:/build/build/src/ipc/chromium/src/chrome/common/ipc_channel_win.cc, line 346
*** UTM:SVC TimerManager:registerTimer called after profile-before-change notification. Ignoring timer registration for id: telemetry_modules_ping

###!!! [Child][MessageChannel::SendAndWait] Error: Channel error: cannot send/recv

1527693874855	geckodriver	INFO	geckodriver 0.20.1
1527693874865	geckodriver	INFO	Listening on 127.0.0.1:5281
1527693877904	mozrunner::runner	INFO	Running command: "E:\\APP\\firefox\\firefox.exe" "-marionette" "-profile" "C:\\Users\\kong\\AppData\\Local\\Temp\\rust_mozprofile.Y40RQ0cX2jvE"
1527693879823	Marionette	INFO	Listening on port 5289
1527693879914	Marionette	WARN	TLS certificate errors will be ignored for this session
[Child 16196, Chrome_ChildThread] WARNING: pipe error: 109: file z:/build/build/src/ipc/chromium/src/chrome/common/ipc_channel_win.cc, line 346
[Child 16196,*** UTM:SVC TimerManager:registerTimer called after profile-before-change notification. Ignoring timer registration for id: telemetry_modules_ping
[GPU 15860, Chrome_ChildThread] WARNING: pipe error: 109: file z:/build/build/src/ipc/chromium/src/chrome/common/ipc_channel_win.cc, line 346

###!!! [Child][MessageChannel::SendAndWait] Error: Channel error: cannot send/recv

1527693943418	geckodriver	INFO	geckodriver 0.20.1
1527693943427	geckodriver	INFO	Listening on 127.0.0.1:5427
1527693946459	mozrunner::runner	INFO	Running command: "E:\\APP\\firefox\\firefox.exe" "-marionette" "-profile" "C:\\Users\\kong\\AppData\\Local\\Temp\\rust_mozprofile.ZPZNMlFWOph2"
1527693948307	Marionette	INFO	Listening on port 5436
1527693948477	Marionette	WARN	TLS certificate errors will be ignored for this session
[Child 15956, Chrome_ChildThread] WARNING: pipe error: 109: file z:/build/build/src/ipc/chromium/src/chrome/common/ipc_channel_win.cc, line 346
[Child 15036, Chrome_ChildThread] WARNING: pipe error: 109: file z:/build/build/src/ipc/chromium/src/chrome/common/ipc_channel_win.cc, line 346
[Child 15036, Chrome_ChildThread] WARNI[Parent 16188, Gecko_IOThread] WARNING: pipe error: 109: file z:/build/build/src/ipc/chromium/src/chroIPDL protocol error: Handler returned error code!

###!!! [Parent][DispatchAsyncMessage] Error: PLayerTransaction::Msg_ReleaseLayer Processing error: message was deserialized, but the handler returned false (indicating failure)

IPDL protocol error: Handler returned error code!

###!!! [Parent][DispatchAsyncMessage] Error: PLayerTransaction::Msg_ReleaseLayer Processing error: message was deserialized, but the handler retu[Child 15432, Chrome_ChildThread] WARNING: pipe error: 109: file z:/build/build/src/ipc/chromium/src/chrome/common/ipc_channel_win.cc, line 346
[Child 15432, Chrome_ChildThread] WARNING: pipe error: 109: file z:/build/build/src/ipc/chromium/src/chrome/common[Child 15852, Chrome_ChildThread] WARNING: pipe error: 109: file z:/build/build/src/ipc/chromium/src/chrome/common/ipc_channel_win.cc, line 346
[Child 15852, Chrome_ChildThread] WARNING: p[Parent 11148, Gecko_IOThread] WARNING: pipe error: 109: file z:/build/build/src/ipc/chromium/src/chrome/common/ipc_channel_win.cc, line 346
[Child 7956, Chrome_ChildThread] WARNING: pipe error: 109: file z:/build/build/src/ipc/chromium/src/chrome/common/ipc_channel_win.cc, line 346
[Child 7956, Chrome_ChildThread] WARNING: pipe error: 109: file z:/build/bui*** UTM:SVC TimerManager:registerTimer called after profile-before-change notification. Ignoring timer registration for id: telemetry_modules_ping
[GPU 15628, Chrome_ChildThread] WARNING: pipe error: 109: file z:/build/build/src/ipc/chromium/src/chrome/common/ipc_channel_win.cc, line 346

###!!! [Child][MessageChannel::SendAndWait] Error: Channel error: cannot send/recv

ailure)

IPDL protocol error: Handler returned error code!

###!!! [Parent][DispatchAsyncMessage] Error: PLayerTransaction::Msg_ReleaseLayer Processing error: message was deserialized, but the handler returned false (indicating failure)

IPDL protocol error: Handler returned error code!

###!!! [Parent][DispatchAsyncMessage] Error: PLayerTransaction::Msg_ReleaseLayer Processing error: message was deserialized, but the handler returned false (indicating failure)

IPDL protocol error: Handler returned error code!

###!!! [Parent][DispatchAsyncMessage] Error: PLayerTransaction::Msg_ReleaseLayer Processing error: message was deserialized, but the handler returned false (indicating failure)

IPDL protocol error: Handler returned error code!

###!!! [Parent][DispatchAsyncMessage] Error: PLayerTransaction::Msg_ReleaseLayer Processing error: message was deserialized, but the handler returned false (indicating failure)

IPDL protocol error: Handler returned error code!

###!!! [Parent][DispatchAsyncMessage] Error: PLayerTransaction::Msg_ReleaseLayer Processing error: message was deserialized, but the handler returned false (indicating failure)

IPDL protocol error: Handler returned error code!

###!!! [Parent][DispatchAsyncMessage] Error: PLayerTransaction::Msg_ReleaseLayer Processing error: message was deserialized, but the handler returned false (indicating failure)

IPDL protocol error: Handler returned error code!

###!!! [Parent][DispatchAsyncMessage] Error: PLayerTransaction::Msg_ReleaseLayer Processing error: message was deserialized, but the handler returned false (indicating failure)

[Child 9800, Chrome_ChildThread] WARNING: pipe error: 109: file z:/build/build/src/ipc/chromium/src/chrome/common/ipc_channel_win.cc, line 346
[Child 9800, Ch
###!!! [Child][RunMessage] Error: Channel closing: too late to send/recv, messages will be lost

[Child 15612, Chrome_[GPU 5372, Chrome_ChildThread] WARNING: pipe error: 109: file z:/build/build/src/ipc/chromium/src/chrome/common/ipc_channel_win.cc, li
###!!! [Child][MessageChannel::SendAndWait] Error: Channel error: cannot send/recv

1527694291317	geckodriver	INFO	geckodriver 0.20.1
1527694291328	geckodriver	INFO	Listening on 127.0.0.1:5860
1527694294353	mozrunner::runner	INFO	Running command: "E:\\APP\\firefox\\firefox.exe" "-marionette" "-profile" "C:\\Users\\kong\\AppData\\Local\\Temp\\rust_mozprofile.br0TYlNXwcsw"
1527694296793	Marionette	INFO	Listening on port 5872
1527694297471	Marionette	WARN	TLS certificate errors will be ignored for this session
[Child 1416, Chrome_ChildThread] WARNING: pipe error: 109: file z:/build/build/src/ipc/chromium/src/chrome/common/ipc_channel_win.cc, line 346
[Child 12620, Chrome_ChildThread] WARNING: pipe error: 109: file z:/build/build/src/ipc/chromium/src/chrome/common/ipc_channel_win.cc, line 346
[Child 12620, Chrome_ChildThread] WARNING: pipe error: 109: file z:
###!!! [Child][MessageChannel::SendAndWait] Error: Channel error: cannot send/recv

Chrome_ChildThread] WARNING: pipe error: 109: file z:/build/build/src/ipc/chromium/src/chrome/common/ipc_channel_win.cc, line 346
[Child 8776, Chrome_ChildThread] WARNING: pipe error: 109: f
###!!! [Child][MessageChannel::SendAndWait] Error: Channel error: cannot send/recv

27694719627	Marionette	INFO	Listening on port 6198
1527694719801	Marionette	WARN	TLS certificate errors will be ignored for this session
[Child 16540, Chrome_ChildThread] WARNING: pipe error: 109: file z:/build/build/src/ipc/chromium/src/chrome/common/ipc_channel_win.cc, line 346
*** UTM:SVC TimerManager:registerTimer called after profile-before-change notification. Ignoring timer registration for id: telemetry_modules_ping

###!!! [Child][MessageChannel::SendAndWait] Error: Channel error: cannot send/recv

1527695022216	geckodriver	INFO	geckodriver 0.20.1
1527695022226	geckodriver	INFO	Listening on 127.0.0.1:6717
1527695025252	mozrunner::runner	INFO	Running command: "E:\\APP\\firefox\\firefox.exe" "-marionette" "-profile" "C:\\Users\\kong\\AppData\\Local\\Temp\\rust_mozprofile.uB2e5h4GdtUw"
1527695027707	Marionette	INFO	Listening on port 6729
1527695028365	Marionette	WARN	TLS certificate errors will be ignored for this session
[Child 9776, Chrome_ChildThread] WARNING: pipe error: 109: file z:/build/build/src/ipc/chromium/src/chrome/common/ipc_channel_win.cc, line 346
[Child 9776, Chrome_ChildThread] WARNING: pipe error: 109: file z:/build/build/src/ipc/chromium[Parent 2196, Gecko_IOThread] WARNING: pipe error: 109: file z:/build/build/src/ipc/chromium/src/chrome/common/ipc_channel_win.cc, line 346
[Child 15200, Chrome_ChildThread] WARNING: pipe error: 109: file z:/build/build/src/ipc/chromium/src/chrome/common/ipc_channel_win.cc, line 346
[Child 15200, Chrome_ChildThread] W*** UTM:SVC TimerManager:registerTimer called after profile-before-change notification. Ignoring timer registration for id: telemetry_modules_ping
[GPU 9004, Chrome_ChildThread] WARNING: pipe error: 109: file z:/build/build/src/ipc/chromium/src/chrome/common/ipc_channel_win.cc, line 346

###!!! [Child][MessageChannel::SendAndWait] Error: Channel error: cannot send/recv

1527695092873	geckodriver	INFO	geckodriver 0.20.1
1527695092883	geckodriver	INFO	Listening on 127.0.0.1:6961
1527695095928	mozrunner::runner	INFO	Running command: "E:\\APP\\firefox\\firefox.exe" "-marionette" "-profile" "C:\\Users\\kong\\AppData\\Local\\Temp\\rust_mozprofile.FuM3p7WlB1Iy"
1527695097770	Marionette	INFO	Listening on port 6974
1527695097938	Marionette	WARN	TLS certificate errors will be ignored for this session
1527695182214	geckodriver	INFO	geckodriver 0.20.1
1527695182223	geckodriver	INFO	Listening on 127.0.0.1:7211
1527695185253	mozrunner::runner	INFO	Running command: "E:\\APP\\firefox\\firefox.exe" "-marionette" "-profile" "C:\\Users\\kong\\AppData\\Local\\Temp\\rust_mozprofile.SBchi4sLQAAg"
1527695187722	Marionette	INFO	Listening on port 7223
1527695188363	Marionette	WARN	TLS certificate errors will be ignored for this session
[Child 9896, Chrome_ChildThread] WARNING: pipe error: 109: file z:/build/build/src/ipc/chromium/src/chrome/common/ipc_channel_win.cc, line 346

###!!! [Child][RunMessage] Error: Channel closing: too late to send/recv, messages will be lost

[Child 16704, Chrome_ChildThread] WARNING: pipe error: 109: file z:/build/build/src/ipc/chromium/src/chrome/common/ipc_channel_win.cc, line 346
[Child 16704, Chrome_ChildThread] WARNING: pipe error: 109: file z:/build/build/src/ipc/chromium/src/chrome/common/ipc_channel_win.cc, line 346
*** UTM:SVC TimerManager:registerTimer called after profile-before-change notification. Ignoring timer registration for id: telemetry_modules_ping

###!!! [Child][MessageChannel::SendAndWait] Error: Channel error: cannot send/recv

1527695922069	geckodriver	INFO	geckodriver 0.20.1
1527695922080	geckodriver	INFO	Listening on 127.0.0.1:8760
1527695925107	mozrunner::runner	INFO	Running command: "E:\\APP\\firefox\\firefox.exe" "-marionette" "-profile" "C:\\Users\\kong\\AppData\\Local\\Temp\\rust_mozprofile.OBwzsXG6jQSt"
1527695926934	Marionette	INFO	Listening on port 8773
1527695927123	Marionette	WARN	TLS certificate errors will be ignored for this session
[Child 13844, Chrome_ChildThread] WARNING: pipe error: 109: file z:/build/build/src/ipc/chromium/src/chrome/common/ipc_channel_win.cc, line 346
[Parent 1540, Gecko_IOThread] WARNING: pipe error: 109: file z:/build/build/src/ipc/chromium/src/chrome/common/ipc_channel_win.cc, line 346
*** UTM:SVC TimerManager:registerTimer called after profile-before-change notification. Ignoring timer registration for id: telemetry_modules_ping

###!!! [Child][MessageChannel::SendAndWait] Error: Channel error: cannot send/recv

1527695959004	geckodriver	INFO	geckodriver 0.20.1
1527695959015	geckodriver	INFO	Listening on 127.0.0.1:8932
1527695962044	mozrunner::runner	INFO	Running command: "E:\\APP\\firefox\\firefox.exe" "-marionette" "-profile" "C:\\Users\\kong\\AppData\\Local\\Temp\\rust_mozprofile.9SWUs3FQ4sgF"
1527695963965	Marionette	INFO	Listening on port 8945
1527695964065	Marionette	WARN	TLS certificate errors will be ignored for this session
[Parent 16180, Gecko_IOThread] WARNING: pipe error: 109: file z:/build/build/src/ipc/chromium/src/chrome/common/ipc_channel_win.cc, line 346
[Parent 16180, Gecko_IOThread] WARNING: pipe error: 109: file z:/build/build/src/ipc/chromium/src/chrome/common/ipc_channel_win.cc, line 346
[Child 16208, Chrome_ChildThread] WARNING: pipe error: 109: file z:/build/build/src/ipc/chromium/src/chrome/common/ipc_channel_win.cc, line 346
[Parent 16180, Gecko_IOThread] WARNING: pipe error: 109: file z:/build/build/src/ipc/chromium/src/chrome/common/ipc_channel_win.cc, line 346
*** UTM:SVC TimerManager:registerTimer called after profile-before-change notification. Ignoring timer registration for id: telemetry_modules_ping

###!!! [Child][MessageChannel::SendAndWait] Error: Channel error: cannot send/recv

